c:\users\thejo\repos\crumble-king\_build\obj\x64\debug\crumble-king\vc143.pdb
c:\users\thejo\repos\crumble-king\_build\obj\x64\debug\crumble-king\vc143.idb
c:\users\thejo\repos\crumble-king-23\_build\obj\x64\debug\crumble-king\vc143.pdb
c:\users\thejo\repos\crumble-king-23\_build\obj\x64\debug\crumble-king\vc143.idb
c:\users\thejo\repos\crumble-king-23\_build\obj\x64\debug\crumble-king\vec2.obj
c:\users\thejo\repos\crumble-king-23\_build\obj\x64\debug\crumble-king\tiles.obj
c:\users\thejo\repos\crumble-king-23\_build\obj\x64\debug\crumble-king\settings.obj
c:\users\thejo\repos\crumble-king-23\_build\obj\x64\debug\crumble-king\raylib_game.obj
c:\users\thejo\repos\crumble-king-23\_build\obj\x64\debug\crumble-king\random.obj
c:\users\thejo\repos\crumble-king-23\_build\obj\x64\debug\crumble-king\platform.obj
c:\users\thejo\repos\crumble-king-23\_build\obj\x64\debug\crumble-king\menu.obj
c:\users\thejo\repos\crumble-king-23\_build\obj\x64\debug\crumble-king\utils.obj
c:\users\thejo\repos\crumble-king-23\_build\obj\x64\debug\crumble-king\level.obj
c:\users\thejo\repos\crumble-king-23\_build\obj\x64\debug\crumble-king\king.obj
c:\users\thejo\repos\crumble-king-23\_build\obj\x64\debug\crumble-king\game.obj
c:\users\thejo\repos\crumble-king-23\_build\obj\x64\debug\crumble-king\food.obj
c:\users\thejo\repos\crumble-king-23\_build\obj\x64\debug\crumble-king\collision.obj
c:\users\thejo\repos\crumble-king-23\_build\obj\x64\debug\crumble-king\animation.obj
c:\users\thejo\repos\crumble-king-23\_build\obj\x64\debug\crumble-king\tower.obj
c:\users\thejo\repos\crumble-king-23\_build\obj\x64\debug\crumble-king\high_scores.obj
c:\users\thejo\repos\crumble-king-23\_build\obj\x64\debug\crumble-king\text_parsing.obj
c:\users\thejo\repos\crumble-king-23\_build\obj\x64\debug\crumble-king\sound.obj
c:\users\thejo\repos\crumble-king-23\_bin\debug\crumble-king.exe
c:\users\thejo\repos\crumble-king-23\_build\obj\x64\debug\crumble-king\crumble-king.ilk
c:\users\thejo\repos\crumble-king-23\_bin\debug\crumble-king.pdb
c:\users\thejo\repos\crumble-king-23\_build\obj\x64\debug\crumble-king\main.obj
c:\users\thejo\repos\crumble-king-23\_build\obj\x64\debug\crumble-king\screen_ending.obj
c:\users\thejo\repos\crumble-king-23\_build\obj\x64\debug\crumble-king\screen_gameplay.obj
c:\users\thejo\repos\crumble-king-23\_build\obj\x64\debug\crumble-king\screen_logo.obj
c:\users\thejo\repos\crumble-king-23\_build\obj\x64\debug\crumble-king\screen_options.obj
c:\users\thejo\repos\crumble-king-23\_build\obj\x64\debug\crumble-king\screen_title.obj
c:\users\thejo\repos\crumble-king-23\_build\obj\x64\debug\crumble-king\level.obj.enc
c:\users\thejo\repos\crumble-king-23\_build\obj\x64\debug\crumble-king\crumble-king.tlog\cl.command.1.tlog
c:\users\thejo\repos\crumble-king-23\_build\obj\x64\debug\crumble-king\crumble-king.tlog\cl.read.1.tlog
c:\users\thejo\repos\crumble-king-23\_build\obj\x64\debug\crumble-king\crumble-king.tlog\cl.write.1.tlog
c:\users\thejo\repos\crumble-king-23\_build\obj\x64\debug\crumble-king\crumble-king.tlog\link.command.1.tlog
c:\users\thejo\repos\crumble-king-23\_build\obj\x64\debug\crumble-king\crumble-king.tlog\link.read.1.tlog
c:\users\thejo\repos\crumble-king-23\_build\obj\x64\debug\crumble-king\crumble-king.tlog\link.write.1.tlog
